<?xml version="1.0" encoding="UTF-8"?>
<testsuite xmlns:xsi="http://www.w3.org/2001/XMLSchema-instance" xsi:noNamespaceSchemaLocation="https://maven.apache.org/surefire/maven-surefire-plugin/xsd/surefire-test-report.xsd" name="coverage.example.TestStar" time="0.008" tests="6" errors="0" skipped="0" failures="0">
  <properties>
    <property name="sun.desktop" value="windows"/>
    <property name="awt.toolkit" value="sun.awt.windows.WToolkit"/>
    <property name="file.encoding.pkg" value="sun.io"/>
    <property name="java.specification.version" value="1.8"/>
    <property name="sun.cpu.isalist" value="amd64"/>
    <property name="sun.jnu.encoding" value="Cp1252"/>
    <property name="java.class.path" value="C:\GLBootCamp\workspace\coverage.example\target\test-classes;C:\GLBootCamp\workspace\coverage.example\target\classes;C:\Users\admin\.m2\repository\org\slf4j\slf4j-simple\1.7.30\slf4j-simple-1.7.30.jar;C:\Users\admin\.m2\repository\org\slf4j\slf4j-api\1.7.30\slf4j-api-1.7.30.jar;C:\Users\admin\.m2\repository\org\junit\jupiter\junit-jupiter-engine\5.6.2\junit-jupiter-engine-5.6.2.jar;C:\Users\admin\.m2\repository\org\apiguardian\apiguardian-api\1.1.0\apiguardian-api-1.1.0.jar;C:\Users\admin\.m2\repository\org\junit\platform\junit-platform-engine\1.6.2\junit-platform-engine-1.6.2.jar;C:\Users\admin\.m2\repository\org\opentest4j\opentest4j\1.2.0\opentest4j-1.2.0.jar;C:\Users\admin\.m2\repository\org\junit\platform\junit-platform-commons\1.6.2\junit-platform-commons-1.6.2.jar;C:\Users\admin\.m2\repository\org\junit\jupiter\junit-jupiter-api\5.6.2\junit-jupiter-api-5.6.2.jar;"/>
    <property name="java.vm.vendor" value="Azul Systems, Inc."/>
    <property name="sun.arch.data.model" value="64"/>
    <property name="user.variant" value=""/>
    <property name="java.vendor.url" value="http://www.azulsystems.com/"/>
    <property name="user.timezone" value="America/Buenos_Aires"/>
    <property name="java.vm.specification.version" value="1.8"/>
    <property name="os.name" value="Windows 8.1"/>
    <property name="user.country" value="AR"/>
    <property name="sun.java.launcher" value="SUN_STANDARD"/>
    <property name="sun.boot.library.path" value="C:\GLBootCamp\app\java\jre\bin"/>
    <property name="sun.java.command" value="C:\Users\admin\AppData\Local\Temp\surefire4073077767953434688\surefirebooter5290660052882107300.jar C:\Users\admin\AppData\Local\Temp\surefire4073077767953434688 2020-08-03T20-04-40_620-jvmRun1 surefire6919386490665424853tmp surefire_01502805208665632449tmp"/>
    <property name="surefire.test.class.path" value="C:\GLBootCamp\workspace\coverage.example\target\test-classes;C:\GLBootCamp\workspace\coverage.example\target\classes;C:\Users\admin\.m2\repository\org\slf4j\slf4j-simple\1.7.30\slf4j-simple-1.7.30.jar;C:\Users\admin\.m2\repository\org\slf4j\slf4j-api\1.7.30\slf4j-api-1.7.30.jar;C:\Users\admin\.m2\repository\org\junit\jupiter\junit-jupiter-engine\5.6.2\junit-jupiter-engine-5.6.2.jar;C:\Users\admin\.m2\repository\org\apiguardian\apiguardian-api\1.1.0\apiguardian-api-1.1.0.jar;C:\Users\admin\.m2\repository\org\junit\platform\junit-platform-engine\1.6.2\junit-platform-engine-1.6.2.jar;C:\Users\admin\.m2\repository\org\opentest4j\opentest4j\1.2.0\opentest4j-1.2.0.jar;C:\Users\admin\.m2\repository\org\junit\platform\junit-platform-commons\1.6.2\junit-platform-commons-1.6.2.jar;C:\Users\admin\.m2\repository\org\junit\jupiter\junit-jupiter-api\5.6.2\junit-jupiter-api-5.6.2.jar;"/>
    <property name="sun.cpu.endian" value="little"/>
    <property name="user.home" value="C:\Users\admin"/>
    <property name="user.language" value="es"/>
    <property name="java.specification.vendor" value="Oracle Corporation"/>
    <property name="java.home" value="C:\GLBootCamp\app\java\jre"/>
    <property name="basedir" value="C:\GLBootCamp\workspace\coverage.example"/>
    <property name="file.separator" value="\"/>
    <property name="line.separator" value="&#10;"/>
    <property name="jdk.vendor.version" value="Zulu 8.46.0.19-CA-win64"/>
    <property name="java.vm.specification.vendor" value="Oracle Corporation"/>
    <property name="java.specification.name" value="Java Platform API Specification"/>
    <property name="java.awt.graphicsenv" value="sun.awt.Win32GraphicsEnvironment"/>
    <property name="surefire.real.class.path" value="C:\Users\admin\AppData\Local\Temp\surefire4073077767953434688\surefirebooter5290660052882107300.jar;C:\\Users\\admin\\.m2\\repository\\org\\jacoco\\org.jacoco.agent\\0.7.7.201606060606\\org.jacoco.agent-0.7.7.201606060606-runtime.jar"/>
    <property name="sun.boot.class.path" value="C:\GLBootCamp\app\java\jre\lib\resources.jar;C:\GLBootCamp\app\java\jre\lib\rt.jar;C:\GLBootCamp\app\java\jre\lib\sunrsasign.jar;C:\GLBootCamp\app\java\jre\lib\jsse.jar;C:\GLBootCamp\app\java\jre\lib\jce.jar;C:\GLBootCamp\app\java\jre\lib\charsets.jar;C:\GLBootCamp\app\java\jre\lib\jfr.jar;C:\GLBootCamp\app\java\jre\classes"/>
    <property name="user.script" value=""/>
    <property name="sun.management.compiler" value="HotSpot 64-Bit Tiered Compilers"/>
    <property name="java.runtime.version" value="1.8.0_252-b14"/>
    <property name="user.name" value="admin"/>
    <property name="path.separator" value=";"/>
    <property name="os.version" value="6.3"/>
    <property name="java.endorsed.dirs" value="C:\GLBootCamp\app\java\jre\lib\endorsed"/>
    <property name="java.runtime.name" value="OpenJDK Runtime Environment"/>
    <property name="file.encoding" value="Cp1252"/>
    <property name="java.vm.name" value="OpenJDK 64-Bit Server VM"/>
    <property name="localRepository" value="C:\Users\admin\.m2\repository"/>
    <property name="java.vendor.url.bug" value="http://www.azulsystems.com/support/"/>
    <property name="java.io.tmpdir" value="C:\Users\admin\AppData\Local\Temp\"/>
    <property name="java.version" value="1.8.0_252"/>
    <property name="user.dir" value="C:\GLBootCamp\workspace\coverage.example"/>
    <property name="os.arch" value="amd64"/>
    <property name="java.vm.specification.name" value="Java Virtual Machine Specification"/>
    <property name="java.awt.printerjob" value="sun.awt.windows.WPrinterJob"/>
    <property name="sun.os.patch.level" value=""/>
    <property name="java.library.path" value="C:\GLBootCamp\app\java\jre\bin;C:\Windows\Sun\Java\bin;C:\Windows\system32;C:\Windows;;C:\GLBootCamp\app\java\bin;C:\Program Files (x86)\Alice\bin;C:\Program Files (x86)\Alice\lib\seam;C:\Program Files (x86)\Alice\gtk\bin;C:\Program Files (x86)\Alice\gtk\lib;C:\Program Files (x86)\Alice\gtk\lib\gtk-2.0\2.4.0\engines;C:\Program Files (x86)\Common Files\ArcSoft\Bin;C:\ProgramData\Oracle\Java\javapath;C:\Windows\system32;C:\Windows;C:\Windows\System32\Wbem;C:\Windows\System32\WindowsPowerShell\v1.0\;C:\GLBootCamp\app\java\bin;C:\Program Files (x86)\SMLNJ\bin\;C:\Windows\system32\config\systemprofile\.dnx\bin;C:\Program Files\Microsoft DNX\Dnvm\;C:\Program Files\Microsoft SQL Server\130\Tools\Binn\;C:\wamp\bin\php\php5.5.12;C:\ProgramData\ComposerSetup\bin;C:\Program Files\MATLAB\R2008a\bin;C:\Program Files\MATLAB\R2008a\bin\win64;c:\matlab6p5\bin\win32;C:\Gradle\gradle-4.10.2\bin;C:\Program Files\nodejs\;C:\Program Files\Microsoft VS Code\bin;C:\FPC\3.0.4\bin\i386-Win32;C:\Program Files\Git\cmd;c:\Program Files (x86)\Microsoft SQL Server\100\Tools\Binn\;c:\Program Files\Microsoft SQL Server\100\Tools\Binn\;c:\Program Files\Microsoft SQL Server\100\DTS\Binn\;C:\xampp\php;C:\GLBootCamp\app\apache-maven-3.6.3\bin;C:\Users\admin\AppData\Local\Programs\Python\Python37-32\Scripts\;C:\Users\admin\AppData\Local\Programs\Python\Python37-32\;C:\Program Files\Microsoft VS Code\bin;C:\Users\admin\AppData\Roaming\Composer\vendor\bin;C:\Users\admin\AppData\Roaming\npm;C:\Users\admin\anaconda3;C:\Users\admin\anaconda3\Scripts;C:\Graphviz2.38;C:\Graphviz2.38\bin;C:\GLBootCamp\app\java\bin;."/>
    <property name="java.vm.info" value="mixed mode"/>
    <property name="java.vendor" value="Azul Systems, Inc."/>
    <property name="java.vm.version" value="25.252-b14"/>
    <property name="java.ext.dirs" value="C:\GLBootCamp\app\java\jre\lib\ext;C:\Windows\Sun\Java\lib\ext"/>
    <property name="sun.io.unicode.encoding" value="UnicodeLittle"/>
    <property name="java.class.version" value="52.0"/>
  </properties>
  <testcase name="testGetColor" classname="coverage.example.TestStar" time="0"/>
  <testcase name="testToString" classname="coverage.example.TestStar" time="0.003"/>
  <testcase name="testGetName" classname="coverage.example.TestStar" time="0"/>
  <testcase name="testGetPlanets" classname="coverage.example.TestStar" time="0"/>
  <testcase name="testSetName" classname="coverage.example.TestStar" time="0"/>
  <testcase name="testSetPlanets" classname="coverage.example.TestStar" time="0"/>
</testsuite>