<?xml version="1.0" encoding="UTF-8"?>
<testsuite xmlns:xsi="http://www.w3.org/2001/XMLSchema-instance" xsi:schemaLocation="https://maven.apache.org/surefire/maven-surefire-plugin/xsd/surefire-test-report.xsd" name="com.globallogic.bootcampgl.junitTest.AppTest" time="0.211" tests="7" errors="0" skipped="0" failures="3">
  <properties>
    <property name="java.runtime.name" value="OpenJDK Runtime Environment"/>
    <property name="sun.boot.library.path" value="C:\GLBootCamp\app\java\jre\bin"/>
    <property name="java.vm.version" value="25.252-b14"/>
    <property name="jdk.vendor.version" value="Zulu 8.46.0.19-CA-win64"/>
    <property name="java.vm.vendor" value="Azul Systems, Inc."/>
    <property name="maven.multiModuleProjectDirectory" value="C:\GLBootCamp\repo\BootCampGL2020_LeandroMara\Ejercicios Introducion a Pruebas\junitTestProject"/>
    <property name="java.vendor.url" value="http://www.azulsystems.com/"/>
    <property name="path.separator" value=";"/>
    <property name="guice.disable.misplaced.annotation.check" value="true"/>
    <property name="java.vm.name" value="OpenJDK 64-Bit Server VM"/>
    <property name="file.encoding.pkg" value="sun.io"/>
    <property name="user.script" value=""/>
    <property name="user.country" value="AR"/>
    <property name="sun.java.launcher" value="SUN_STANDARD"/>
    <property name="sun.os.patch.level" value=""/>
    <property name="java.vm.specification.name" value="Java Virtual Machine Specification"/>
    <property name="user.dir" value="C:\GLBootCamp\repo\BootCampGL2020_LeandroMara\Ejercicios Introducion a Pruebas\junitTestProject"/>
    <property name="java.runtime.version" value="1.8.0_252-b14"/>
    <property name="java.awt.graphicsenv" value="sun.awt.Win32GraphicsEnvironment"/>
    <property name="java.endorsed.dirs" value="C:\GLBootCamp\app\java\jre\lib\endorsed"/>
    <property name="os.arch" value="amd64"/>
    <property name="java.io.tmpdir" value="C:\Users\admin\AppData\Local\Temp\"/>
    <property name="line.separator" value="&#10;"/>
    <property name="java.vm.specification.vendor" value="Oracle Corporation"/>
    <property name="user.variant" value=""/>
    <property name="os.name" value="Windows 8.1"/>
    <property name="classworlds.conf" value="C:\GLBootCamp\app\apache-maven-3.6.3\bin\..\bin\m2.conf"/>
    <property name="sun.jnu.encoding" value="Cp1252"/>
    <property name="java.library.path" value="C:\GLBootCamp\app\java\bin;C:\Windows\Sun\Java\bin;C:\Windows\system32;C:\Windows;;C:\GLBootCamp\app\java\bin;C:\Program Files (x86)\Alice\bin;C:\Program Files (x86)\Alice\lib\seam;C:\Program Files (x86)\Alice\gtk\bin;C:\Program Files (x86)\Alice\gtk\lib;C:\Program Files (x86)\Alice\gtk\lib\gtk-2.0\2.4.0\engines;C:\Program Files (x86)\Common Files\ArcSoft\Bin;C:\ProgramData\Oracle\Java\javapath;C:\Windows\system32;C:\Windows;C:\Windows\System32\Wbem;C:\Windows\System32\WindowsPowerShell\v1.0\;C:\GLBootCamp\app\java\bin;C:\Program Files (x86)\SMLNJ\bin\;C:\Windows\system32\config\systemprofile\.dnx\bin;C:\Program Files\Microsoft DNX\Dnvm\;C:\Program Files\Microsoft SQL Server\130\Tools\Binn\;C:\wamp\bin\php\php5.5.12;C:\ProgramData\ComposerSetup\bin;C:\Program Files\MATLAB\R2008a\bin;C:\Program Files\MATLAB\R2008a\bin\win64;c:\matlab6p5\bin\win32;C:\Gradle\gradle-4.10.2\bin;C:\Program Files\nodejs\;C:\Program Files\Microsoft VS Code\bin;C:\FPC\3.0.4\bin\i386-Win32;C:\Program Files\Git\cmd;c:\Program Files (x86)\Microsoft SQL Server\100\Tools\Binn\;c:\Program Files\Microsoft SQL Server\100\Tools\Binn\;c:\Program Files\Microsoft SQL Server\100\DTS\Binn\;C:\xampp\php;C:\GLBootCamp\app\apache-maven-3.6.3\bin;C:\Users\admin\AppData\Local\Programs\Python\Python37-32\Scripts\;C:\Users\admin\AppData\Local\Programs\Python\Python37-32\;C:\Program Files\Microsoft VS Code\bin;C:\Users\admin\AppData\Roaming\Composer\vendor\bin;C:\Users\admin\AppData\Roaming\npm;C:\Users\admin\anaconda3;C:\Users\admin\anaconda3\Scripts;C:\Graphviz2.38;C:\Graphviz2.38\bin;C:\GLBootCamp\app\java\bin;."/>
    <property name="maven.conf" value="C:\GLBootCamp\app\apache-maven-3.6.3\bin\../conf"/>
    <property name="java.specification.name" value="Java Platform API Specification"/>
    <property name="java.class.version" value="52.0"/>
    <property name="sun.management.compiler" value="HotSpot 64-Bit Tiered Compilers"/>
    <property name="os.version" value="6.3"/>
    <property name="library.jansi.path" value="C:\GLBootCamp\app\apache-maven-3.6.3\bin\..\lib\jansi-native"/>
    <property name="user.home" value="C:\Users\admin"/>
    <property name="user.timezone" value="America/Buenos_Aires"/>
    <property name="java.awt.printerjob" value="sun.awt.windows.WPrinterJob"/>
    <property name="java.specification.version" value="1.8"/>
    <property name="file.encoding" value="Cp1252"/>
    <property name="user.name" value="admin"/>
    <property name="java.class.path" value="C:\GLBootCamp\app\apache-maven-3.6.3\bin\..\boot\plexus-classworlds-2.6.0.jar"/>
    <property name="java.vm.specification.version" value="1.8"/>
    <property name="sun.arch.data.model" value="64"/>
    <property name="java.home" value="C:\GLBootCamp\app\java\jre"/>
    <property name="sun.java.command" value="org.codehaus.plexus.classworlds.launcher.Launcher test"/>
    <property name="java.specification.vendor" value="Oracle Corporation"/>
    <property name="user.language" value="es"/>
    <property name="awt.toolkit" value="sun.awt.windows.WToolkit"/>
    <property name="java.vm.info" value="mixed mode"/>
    <property name="java.version" value="1.8.0_252"/>
    <property name="java.ext.dirs" value="C:\GLBootCamp\app\java\jre\lib\ext;C:\Windows\Sun\Java\lib\ext"/>
    <property name="sun.boot.class.path" value="C:\GLBootCamp\app\java\jre\lib\resources.jar;C:\GLBootCamp\app\java\jre\lib\rt.jar;C:\GLBootCamp\app\java\jre\lib\sunrsasign.jar;C:\GLBootCamp\app\java\jre\lib\jsse.jar;C:\GLBootCamp\app\java\jre\lib\jce.jar;C:\GLBootCamp\app\java\jre\lib\charsets.jar;C:\GLBootCamp\app\java\jre\lib\jfr.jar;C:\GLBootCamp\app\java\jre\classes"/>
    <property name="sun.stderr.encoding" value="cp850"/>
    <property name="java.vendor" value="Azul Systems, Inc."/>
    <property name="maven.home" value="C:\GLBootCamp\app\apache-maven-3.6.3\bin\.."/>
    <property name="file.separator" value="\"/>
    <property name="java.vendor.url.bug" value="http://www.azulsystems.com/support/"/>
    <property name="sun.cpu.endian" value="little"/>
    <property name="sun.io.unicode.encoding" value="UnicodeLittle"/>
    <property name="sun.stdout.encoding" value="cp850"/>
    <property name="sun.desktop" value="windows"/>
    <property name="sun.cpu.isalist" value="amd64"/>
  </properties>
  <testcase name="testVariablesStringModificado" classname="com.globallogic.bootcampgl.junitTest.AppTest" time="0.047">
    <failure message="expected: &lt;Hola&gt; but was: &lt;que&gt;" type="org.opentest4j.AssertionFailedError"><![CDATA[org.opentest4j.AssertionFailedError: expected: <Hola> but was: <que>
	at com.globallogic.bootcampgl.junitTest.AppTest.testVariablesStringModificado(AppTest.java:56)
]]></failure>
  </testcase>
  <testcase name="testLong" classname="com.globallogic.bootcampgl.junitTest.AppTest" time="0"/>
  <testcase name="testBoolean" classname="com.globallogic.bootcampgl.junitTest.AppTest" time="0.003"/>
  <testcase name="test" classname="com.globallogic.bootcampgl.junitTest.AppTest" time="0"/>
  <testcase name="testVariablesString" classname="com.globallogic.bootcampgl.junitTest.AppTest" time="0"/>
  <testcase name="testBooleanModificado" classname="com.globallogic.bootcampgl.junitTest.AppTest" time="0.007">
    <failure message="expected: &lt;false&gt; but was: &lt;true&gt;" type="org.opentest4j.AssertionFailedError"><![CDATA[org.opentest4j.AssertionFailedError: expected: <false> but was: <true>
	at com.globallogic.bootcampgl.junitTest.AppTest.testBooleanModificado(AppTest.java:65)
]]></failure>
  </testcase>
  <testcase name="testLongModificado" classname="com.globallogic.bootcampgl.junitTest.AppTest" time="0">
    <failure message="expected: not &lt;null&gt;" type="org.opentest4j.AssertionFailedError"><![CDATA[org.opentest4j.AssertionFailedError: expected: not <null>
	at com.globallogic.bootcampgl.junitTest.AppTest.testLongModificado(AppTest.java:73)
]]></failure>
  </testcase>
</testsuite>